CompileCommand: exclude com/intellij/openapi/vfs/impl/FilePartNodeRoot.trieDescend bool exclude = true
2023-08-01 14:47:48,577 [   1704]   WARN - #c.i.c.ComponentStoreImpl - Duplicated scheme Light - old: Light, new Light

2023-08-01 14:47:49,039 [   2166]   WARN - #c.i.u.i.IndexId - IndexId name[com.android.tools.idea.model.AndroidManifestIndex$Companion$NAME$1.NAME] should match [[A-Za-z0-9_.\-]+]. Names with unsafe characters could cause issues on some platforms. This warning likely will be escalated to an error in the following releases.
2023-08-01 14:47:49,410 [   2537]   WARN - #c.i.u.i.IndexId - IndexId name[shared.index.hashes.com.android.tools.idea.model.AndroidManifestIndex$Companion$NAME$1.NAME] should match [[A-Za-z0-9_.\-]+]. Names with unsafe characters could cause issues on some platforms. This warning likely will be escalated to an error in the following releases.
Info  | RdCoroutineScope          | 60:DefaultDispatcher-worker-42 | RdCoroutineHost overridden 
2023-08-01 14:47:51,206 [   4333]   WARN - #c.i.u.x.Binding - no accessors for com.intellij.openapi.roots.libraries.DummyLibraryProperties
2023-08-01 14:47:51,692 [   4819]   WARN - #c.i.o.e.s.p.m.ExternalProjectsDataStorage - Cannot find class `com.android.tools.idea.gradle.project.sync.idea.data.model.ProjectJdkUpdateData`
2023-08-01 14:47:51,693 [   4820]   WARN - #c.i.o.e.s.p.m.ExternalProjectsDataStorage - Cannot find class `com.android.tools.idea.gradle.model.impl.IdeCompositeBuildMapImpl`
2023-08-01 14:47:51,693 [   4820]   WARN - #c.i.o.e.s.p.m.ExternalProjectsDataStorage - Cannot find class `com.android.tools.idea.gradle.project.sync.IdeSyncExecutionReport`
2023-08-01 14:47:51,784 [   4911]   WARN - #c.i.i.s.p.i.BundledSharedIndexPostStartupActivity - Skipped 1 pre-built shared indexes: bundled-js-predefined-1d06a55b98c1-d5aed4438951-JavaScript-IU-232.8660.185
2023-08-01 14:47:52,247 [   5374]   WARN - #c.i.o.e.s.p.m.ExternalProjectsDataStorage - Cannot find class `org.jetbrains.plugins.gradle.model.data.AnnotationProcessingData$AnnotationProcessorOutput`
2023-08-01 14:47:52,425 [   5552]   WARN - #c.i.o.e.s.p.m.ExternalProjectsDataStorage - Cannot find class `org.jetbrains.plugins.gradle.model.data.AnnotationProcessingData$AnnotationProcessorOutput`
2023-08-01 14:47:52,428 [   5555]   WARN - #c.i.o.e.s.p.m.ExternalProjectsDataStorage - Cannot find class `org.jetbrains.idea.gradle.ext.profiler.model.JavaTaskData`
2023-08-01 14:47:52,428 [   5555]   WARN - #c.i.o.e.s.p.m.ExternalProjectsDataStorage - Cannot find class `org.jetbrains.idea.gradle.ext.profiler.model.JavaTaskData`
2023-08-01 14:47:52,429 [   5556]   WARN - #c.i.o.e.s.p.m.ExternalProjectsDataStorage - Cannot find class `org.jetbrains.idea.gradle.ext.profiler.model.JavaTaskData`
2023-08-01 14:47:52,430 [   5557]   WARN - #c.i.o.e.s.p.m.ExternalProjectsDataStorage - Cannot find class `org.jetbrains.idea.gradle.ext.profiler.model.JavaTaskData`
2023-08-01 14:47:52,430 [   5557]   WARN - #c.i.o.e.s.p.m.ExternalProjectsDataStorage - Cannot find class `org.jetbrains.idea.gradle.ext.profiler.model.JavaTaskData`
2023-08-01 14:47:52,431 [   5558]   WARN - #c.i.o.e.s.p.m.ExternalProjectsDataStorage - Cannot find class `org.jetbrains.idea.gradle.ext.profiler.model.JavaTaskData`
2023-08-01 14:47:52,432 [   5559]   WARN - #c.i.o.e.s.p.m.ExternalProjectsDataStorage - Cannot find class `org.jetbrains.idea.gradle.ext.profiler.model.JavaTaskData`
2023-08-01 14:47:52,432 [   5559]   WARN - #c.i.o.e.s.p.m.ExternalProjectsDataStorage - Cannot find class `org.jetbrains.idea.gradle.ext.profiler.model.JavaTaskData`
2023-08-01 14:47:52,433 [   5560]   WARN - #c.i.o.e.s.p.m.ExternalProjectsDataStorage - Cannot find class `org.jetbrains.idea.gradle.ext.profiler.model.JavaTaskData`
2023-08-01 14:47:52,433 [   5560]   WARN - #c.i.o.e.s.p.m.ExternalProjectsDataStorage - Cannot find class `org.jetbrains.idea.gradle.ext.profiler.model.JavaTaskData`
2023-08-01 14:47:52,437 [   5564]   WARN - #c.i.o.e.s.p.m.ExternalProjectsDataStorage - Cannot find class `org.jetbrains.idea.gradle.ext.profiler.model.JavaTaskData`
2023-08-01 14:47:52,438 [   5565]   WARN - #c.i.o.e.s.p.m.ExternalProjectsDataStorage - Cannot find class `org.jetbrains.idea.gradle.ext.profiler.model.JavaTaskData`
2023-08-01 14:47:52,440 [   5567]   WARN - #c.i.o.e.s.p.m.ExternalProjectsDataStorage - Cannot find class `org.jetbrains.idea.gradle.ext.profiler.model.JavaTaskData`
2023-08-01 14:47:52,441 [   5568]   WARN - #c.i.o.e.s.p.m.ExternalProjectsDataStorage - Cannot find class `org.jetbrains.idea.gradle.ext.profiler.model.JavaTaskData`
2023-08-01 14:47:52,441 [   5568]   WARN - #c.i.o.e.s.p.m.ExternalProjectsDataStorage - Cannot find class `org.jetbrains.idea.gradle.ext.profiler.model.JavaTaskData`
2023-08-01 14:47:52,442 [   5569]   WARN - #c.i.o.e.s.p.m.ExternalProjectsDataStorage - Cannot find class `org.jetbrains.idea.gradle.ext.profiler.model.JavaTaskData`
2023-08-01 14:47:52,444 [   5571]   WARN - #c.i.o.e.s.p.m.ExternalProjectsDataStorage - Cannot find class `org.jetbrains.idea.gradle.ext.profiler.model.JavaTaskData`
2023-08-01 14:47:52,449 [   5576]   WARN - #c.i.o.e.s.p.m.ExternalProjectsDataStorage - Cannot find class `org.jetbrains.idea.gradle.ext.profiler.model.JavaTaskData`
2023-08-01 14:47:52,450 [   5577]   WARN - #c.i.o.e.s.p.m.ExternalProjectsDataStorage - Cannot find class `org.jetbrains.idea.gradle.ext.profiler.model.JavaTaskData`
2023-08-01 14:47:52,451 [   5578]   WARN - #c.i.o.e.s.p.m.ExternalProjectsDataStorage - Cannot find class `org.jetbrains.idea.gradle.ext.profiler.model.JavaTaskData`
2023-08-01 14:47:52,451 [   5578]   WARN - #c.i.o.e.s.p.m.ExternalProjectsDataStorage - Cannot find class `org.jetbrains.idea.gradle.ext.profiler.model.JavaTaskData`
2023-08-01 14:47:52,452 [   5579]   WARN - #c.i.o.e.s.p.m.ExternalProjectsDataStorage - Cannot find class `org.jetbrains.idea.gradle.ext.profiler.model.JavaTaskData`
2023-08-01 14:47:52,453 [   5580]   WARN - #c.i.o.e.s.p.m.ExternalProjectsDataStorage - Cannot find class `org.jetbrains.idea.gradle.ext.profiler.model.JavaTaskData`
2023-08-01 14:47:52,454 [   5581]   WARN - #c.i.o.e.s.p.m.ExternalProjectsDataStorage - Cannot find class `org.jetbrains.idea.gradle.ext.profiler.model.JavaTaskData`
2023-08-01 14:47:52,454 [   5581]   WARN - #c.i.o.e.s.p.m.ExternalProjectsDataStorage - Cannot find class `org.jetbrains.idea.gradle.ext.profiler.model.JavaTaskData`
2023-08-01 14:47:52,455 [   5582]   WARN - #c.i.o.e.s.p.m.ExternalProjectsDataStorage - Cannot find class `org.jetbrains.idea.gradle.ext.profiler.model.JavaTaskData`
2023-08-01 14:47:52,456 [   5583]   WARN - #c.i.o.e.s.p.m.ExternalProjectsDataStorage - Cannot find class `org.jetbrains.idea.gradle.ext.profiler.model.JavaTaskData`
2023-08-01 14:47:52,456 [   5583]   WARN - #c.i.o.e.s.p.m.ExternalProjectsDataStorage - Cannot find class `org.jetbrains.idea.gradle.ext.profiler.model.JavaTaskData`
2023-08-01 14:47:52,457 [   5584]   WARN - #c.i.o.e.s.p.m.ExternalProjectsDataStorage - Cannot find class `org.jetbrains.idea.gradle.ext.profiler.model.JavaTaskData`
2023-08-01 14:47:52,458 [   5585]   WARN - #c.i.o.e.s.p.m.ExternalProjectsDataStorage - Cannot find class `org.jetbrains.idea.gradle.ext.profiler.model.JavaTaskData`
2023-08-01 14:47:52,458 [   5585]   WARN - #c.i.o.e.s.p.m.ExternalProjectsDataStorage - Cannot find class `org.jetbrains.idea.gradle.ext.profiler.model.JavaTaskData`
2023-08-01 14:47:52,459 [   5586]   WARN - #c.i.o.e.s.p.m.ExternalProjectsDataStorage - Cannot find class `org.jetbrains.idea.gradle.ext.profiler.model.JavaTaskData`
2023-08-01 14:47:52,459 [   5586]   WARN - #c.i.o.e.s.p.m.ExternalProjectsDataStorage - Cannot find class `org.jetbrains.idea.gradle.ext.profiler.model.JavaTaskData`
2023-08-01 14:47:52,460 [   5587]   WARN - #c.i.o.e.s.p.m.ExternalProjectsDataStorage - Cannot find class `org.jetbrains.idea.gradle.ext.profiler.model.JavaTaskData`
2023-08-01 14:47:52,461 [   5588]   WARN - #c.i.o.e.s.p.m.ExternalProjectsDataStorage - Cannot find class `org.jetbrains.idea.gradle.ext.profiler.model.JavaTaskData`
2023-08-01 14:47:52,461 [   5588]   WARN - #c.i.o.e.s.p.m.ExternalProjectsDataStorage - Cannot find class `org.jetbrains.idea.gradle.ext.profiler.model.JavaTaskData`
2023-08-01 14:47:52,462 [   5589]   WARN - #c.i.o.e.s.p.m.ExternalProjectsDataStorage - Cannot find class `org.jetbrains.idea.gradle.ext.profiler.model.JavaTaskData`
2023-08-01 14:47:52,462 [   5589]   WARN - #c.i.o.e.s.p.m.ExternalProjectsDataStorage - Cannot find class `org.jetbrains.idea.gradle.ext.profiler.model.JavaTaskData`
2023-08-01 14:47:52,468 [   5595]   WARN - #c.i.o.e.s.p.m.ExternalProjectsDataStorage - Cannot find class `org.jetbrains.idea.gradle.ext.profiler.model.JavaTaskData`
2023-08-01 14:47:52,469 [   5596]   WARN - #c.i.o.e.s.p.m.ExternalProjectsDataStorage - Cannot find class `org.jetbrains.idea.gradle.ext.profiler.model.JavaTaskData`
2023-08-01 14:47:52,469 [   5596]   WARN - #c.i.o.e.s.p.m.ExternalProjectsDataStorage - Cannot find class `org.jetbrains.idea.gradle.ext.profiler.model.JavaTaskData`
2023-08-01 14:47:52,471 [   5598]   WARN - #c.i.o.e.s.p.m.ExternalProjectsDataStorage - Cannot find class `org.jetbrains.idea.gradle.ext.profiler.model.JavaTaskData`
2023-08-01 14:47:52,472 [   5599]   WARN - #c.i.o.e.s.p.m.ExternalProjectsDataStorage - Cannot find class `org.jetbrains.idea.gradle.ext.profiler.model.JavaTaskData`
2023-08-01 14:47:52,473 [   5600]   WARN - #c.i.o.e.s.p.m.ExternalProjectsDataStorage - Cannot find class `org.jetbrains.idea.gradle.ext.profiler.model.JavaTaskData`
2023-08-01 14:47:52,473 [   5600]   WARN - #c.i.o.e.s.p.m.ExternalProjectsDataStorage - Cannot find class `org.jetbrains.idea.gradle.ext.profiler.model.JavaTaskData`
2023-08-01 14:47:52,475 [   5602]   WARN - #c.i.o.e.s.p.m.ExternalProjectsDataStorage - Cannot find class `org.jetbrains.idea.gradle.ext.profiler.model.JavaTaskData`
2023-08-01 14:47:52,476 [   5603]   WARN - #c.i.o.e.s.p.m.ExternalProjectsDataStorage - Cannot find class `org.jetbrains.idea.gradle.ext.profiler.model.JavaTaskData`
2023-08-01 14:47:52,476 [   5603]   WARN - #c.i.o.e.s.p.m.ExternalProjectsDataStorage - Cannot find class `org.jetbrains.idea.gradle.ext.profiler.model.JavaTaskData`
2023-08-01 14:47:52,477 [   5604]   WARN - #c.i.o.e.s.p.m.ExternalProjectsDataStorage - Cannot find class `org.jetbrains.idea.gradle.ext.profiler.model.JavaTaskData`
2023-08-01 14:47:52,477 [   5604]   WARN - #c.i.o.e.s.p.m.ExternalProjectsDataStorage - Cannot find class `org.jetbrains.idea.gradle.ext.profiler.model.JavaTaskData`
2023-08-01 14:47:52,479 [   5606]   WARN - #c.i.o.e.s.p.m.ExternalProjectsDataStorage - Cannot find class `org.jetbrains.idea.gradle.ext.profiler.model.JavaTaskData`
2023-08-01 14:47:52,480 [   5607]   WARN - #c.i.o.e.s.p.m.ExternalProjectsDataStorage - Cannot find class `org.jetbrains.idea.gradle.ext.profiler.model.JavaTaskData`
2023-08-01 14:47:52,481 [   5608]   WARN - #c.i.o.e.s.p.m.ExternalProjectsDataStorage - Cannot find class `org.jetbrains.idea.gradle.ext.profiler.model.JavaTaskData`
2023-08-01 14:47:52,482 [   5609]   WARN - #c.i.o.e.s.p.m.ExternalProjectsDataStorage - Cannot find class `org.jetbrains.idea.gradle.ext.profiler.model.JavaTaskData`
2023-08-01 14:47:52,483 [   5610]   WARN - #c.i.o.e.s.p.m.ExternalProjectsDataStorage - Cannot find class `org.jetbrains.idea.gradle.ext.profiler.model.JavaTaskData`
2023-08-01 14:47:52,484 [   5611]   WARN - #c.i.o.e.s.p.m.ExternalProjectsDataStorage - Cannot find class `org.jetbrains.idea.gradle.ext.profiler.model.JavaTaskData`
2023-08-01 14:47:52,484 [   5611]   WARN - #c.i.o.e.s.p.m.ExternalProjectsDataStorage - Cannot find class `org.jetbrains.idea.gradle.ext.profiler.model.JavaTaskData`
2023-08-01 14:47:52,485 [   5612]   WARN - #c.i.o.e.s.p.m.ExternalProjectsDataStorage - Cannot find class `org.jetbrains.idea.gradle.ext.profiler.model.JavaTaskData`
2023-08-01 14:47:52,486 [   5613]   WARN - #c.i.o.e.s.p.m.ExternalProjectsDataStorage - Cannot find class `org.jetbrains.idea.gradle.ext.profiler.model.JavaTaskData`
2023-08-01 14:47:52,486 [   5613]   WARN - #c.i.o.e.s.p.m.ExternalProjectsDataStorage - Cannot find class `org.jetbrains.idea.gradle.ext.profiler.model.JavaTaskData`
2023-08-01 14:47:52,487 [   5614]   WARN - #c.i.o.e.s.p.m.ExternalProjectsDataStorage - Cannot find class `org.jetbrains.idea.gradle.ext.profiler.model.JavaTaskData`
2023-08-01 14:47:52,488 [   5615]   WARN - #c.i.o.e.s.p.m.ExternalProjectsDataStorage - Cannot find class `org.jetbrains.idea.gradle.ext.profiler.model.JavaTaskData`
2023-08-01 14:47:52,488 [   5615]   WARN - #c.i.o.e.s.p.m.ExternalProjectsDataStorage - Cannot find class `org.jetbrains.idea.gradle.ext.profiler.model.JavaTaskData`
2023-08-01 14:47:52,489 [   5616]   WARN - #c.i.o.e.s.p.m.ExternalProjectsDataStorage - Cannot find class `org.jetbrains.idea.gradle.ext.profiler.model.JavaTaskData`
2023-08-01 14:47:52,489 [   5616]   WARN - #c.i.o.e.s.p.m.ExternalProjectsDataStorage - Cannot find class `org.jetbrains.idea.gradle.ext.profiler.model.JavaTaskData`
2023-08-01 14:47:52,490 [   5617]   WARN - #c.i.o.e.s.p.m.ExternalProjectsDataStorage - Cannot find class `org.jetbrains.idea.gradle.ext.profiler.model.JavaTaskData`
2023-08-01 14:47:52,491 [   5618]   WARN - #c.i.o.e.s.p.m.ExternalProjectsDataStorage - Cannot find class `org.jetbrains.idea.gradle.ext.profiler.model.JavaTaskData`
2023-08-01 14:47:52,492 [   5619]   WARN - #c.i.o.e.s.p.m.ExternalProjectsDataStorage - Cannot find class `org.jetbrains.idea.gradle.ext.profiler.model.JavaTaskData`
2023-08-01 14:47:52,492 [   5619]   WARN - #c.i.o.e.s.p.m.ExternalProjectsDataStorage - Cannot find class `org.jetbrains.idea.gradle.ext.profiler.model.JavaTaskData`
2023-08-01 14:47:52,493 [   5620]   WARN - #c.i.o.e.s.p.m.ExternalProjectsDataStorage - Cannot find class `org.jetbrains.idea.gradle.ext.profiler.model.JavaTaskData`
2023-08-01 14:47:52,494 [   5621]   WARN - #c.i.o.e.s.p.m.ExternalProjectsDataStorage - Cannot find class `org.jetbrains.idea.gradle.ext.profiler.model.JavaTaskData`
2023-08-01 14:47:52,494 [   5621]   WARN - #c.i.o.e.s.p.m.ExternalProjectsDataStorage - Cannot find class `org.jetbrains.idea.gradle.ext.profiler.model.JavaTaskData`
2023-08-01 14:47:52,495 [   5622]   WARN - #c.i.o.e.s.p.m.ExternalProjectsDataStorage - Cannot find class `org.jetbrains.idea.gradle.ext.profiler.model.JavaTaskData`
2023-08-01 14:47:52,496 [   5623]   WARN - #c.i.o.e.s.p.m.ExternalProjectsDataStorage - Cannot find class `org.jetbrains.idea.gradle.ext.profiler.model.JavaTaskData`
2023-08-01 14:47:52,497 [   5624]   WARN - #c.i.o.e.s.p.m.ExternalProjectsDataStorage - Cannot find class `org.jetbrains.idea.gradle.ext.profiler.model.JavaTaskData`
2023-08-01 14:47:52,498 [   5625]   WARN - #c.i.o.e.s.p.m.ExternalProjectsDataStorage - Cannot find class `org.jetbrains.idea.gradle.ext.profiler.model.JavaTaskData`
2023-08-01 14:47:52,498 [   5625]   WARN - #c.i.o.e.s.p.m.ExternalProjectsDataStorage - Cannot find class `org.jetbrains.idea.gradle.ext.profiler.model.JavaTaskData`
2023-08-01 14:47:52,499 [   5626]   WARN - #c.i.o.e.s.p.m.ExternalProjectsDataStorage - Cannot find class `org.jetbrains.idea.gradle.ext.profiler.model.JavaTaskData`
2023-08-01 14:47:52,500 [   5627]   WARN - #c.i.o.e.s.p.m.ExternalProjectsDataStorage - Cannot find class `org.jetbrains.idea.gradle.ext.profiler.model.JavaTaskData`
2023-08-01 14:47:52,501 [   5628]   WARN - #c.i.o.e.s.p.m.ExternalProjectsDataStorage - Cannot find class `org.jetbrains.idea.gradle.ext.profiler.model.JavaTaskData`
2023-08-01 14:47:52,501 [   5628]   WARN - #c.i.o.e.s.p.m.ExternalProjectsDataStorage - Cannot find class `org.jetbrains.idea.gradle.ext.profiler.model.JavaTaskData`
2023-08-01 14:47:52,502 [   5629]   WARN - #c.i.o.e.s.p.m.ExternalProjectsDataStorage - Cannot find class `org.jetbrains.idea.gradle.ext.profiler.model.JavaTaskData`
2023-08-01 14:47:52,503 [   5630]   WARN - #c.i.o.e.s.p.m.ExternalProjectsDataStorage - Cannot find class `org.jetbrains.idea.gradle.ext.profiler.model.JavaTaskData`
2023-08-01 14:47:52,503 [   5630]   WARN - #c.i.o.e.s.p.m.ExternalProjectsDataStorage - Cannot find class `org.jetbrains.idea.gradle.ext.profiler.model.JavaTaskData`
2023-08-01 14:47:52,504 [   5631]   WARN - #c.i.o.e.s.p.m.ExternalProjectsDataStorage - Cannot find class `org.jetbrains.idea.gradle.ext.profiler.model.JavaTaskData`
2023-08-01 14:47:52,504 [   5631]   WARN - #c.i.o.e.s.p.m.ExternalProjectsDataStorage - Cannot find class `org.jetbrains.idea.gradle.ext.profiler.model.JavaTaskData`
2023-08-01 14:47:52,505 [   5632]   WARN - #c.i.o.e.s.p.m.ExternalProjectsDataStorage - Cannot find class `org.jetbrains.idea.gradle.ext.profiler.model.JavaTaskData`
2023-08-01 14:47:52,506 [   5633]   WARN - #c.i.o.e.s.p.m.ExternalProjectsDataStorage - Cannot find class `org.jetbrains.idea.gradle.ext.profiler.model.JavaTaskData`
2023-08-01 14:47:52,506 [   5633]   WARN - #c.i.o.e.s.p.m.ExternalProjectsDataStorage - Cannot find class `org.jetbrains.idea.gradle.ext.profiler.model.JavaTaskData`
2023-08-01 14:47:52,507 [   5634]   WARN - #c.i.o.e.s.p.m.ExternalProjectsDataStorage - Cannot find class `org.jetbrains.idea.gradle.ext.profiler.model.JavaTaskData`
2023-08-01 14:47:52,508 [   5635]   WARN - #c.i.o.e.s.p.m.ExternalProjectsDataStorage - Cannot find class `org.jetbrains.idea.gradle.ext.profiler.model.JavaTaskData`
2023-08-01 14:47:52,508 [   5635]   WARN - #c.i.o.e.s.p.m.ExternalProjectsDataStorage - Cannot find class `org.jetbrains.idea.gradle.ext.profiler.model.JavaTaskData`
2023-08-01 14:47:52,509 [   5636]   WARN - #c.i.o.e.s.p.m.ExternalProjectsDataStorage - Cannot find class `org.jetbrains.idea.gradle.ext.profiler.model.JavaTaskData`
2023-08-01 14:47:52,509 [   5636]   WARN - #c.i.o.e.s.p.m.ExternalProjectsDataStorage - Cannot find class `org.jetbrains.idea.gradle.ext.profiler.model.JavaTaskData`
2023-08-01 14:47:52,510 [   5637]   WARN - #c.i.o.e.s.p.m.ExternalProjectsDataStorage - Cannot find class `org.jetbrains.idea.gradle.ext.profiler.model.JavaTaskData`
2023-08-01 14:47:52,513 [   5640]   WARN - #c.i.o.e.s.p.m.ExternalProjectsDataStorage - Cannot find class `org.jetbrains.idea.gradle.ext.profiler.model.JavaTaskData`
2023-08-01 14:47:52,513 [   5640]   WARN - #c.i.o.e.s.p.m.ExternalProjectsDataStorage - Cannot find class `org.jetbrains.idea.gradle.ext.profiler.model.JavaTaskData`
2023-08-01 14:47:52,667 [   5794]   WARN - #c.i.o.e.s.p.m.ExternalProjectsDataStorage - Cannot find class `org.jetbrains.kotlin.android.synthetic.idea.AndroidExtensionProperties`
2023-08-01 14:47:52,709 [   5836]   WARN - #c.i.o.e.s.p.m.ExternalProjectsDataStorage - Cannot find class `org.jetbrains.plugins.gradle.model.data.AnnotationProcessingData$AnnotationProcessorOutput`
2023-08-01 14:47:52,855 [   5982]   WARN - #c.i.o.e.s.p.m.ExternalProjectsDataStorage - Cannot find class `org.jetbrains.plugins.gradle.model.data.AnnotationProcessingData$AnnotationProcessorOutput`
2023-08-01 14:47:52,861 [   5988]   WARN - #c.i.o.e.s.p.m.ExternalProjectsDataStorage - Cannot find class `org.jetbrains.idea.gradle.ext.profiler.model.JavaTaskData`
2023-08-01 14:47:52,862 [   5989]   WARN - #c.i.o.e.s.p.m.ExternalProjectsDataStorage - Cannot find class `org.jetbrains.idea.gradle.ext.profiler.model.JavaTaskData`
2023-08-01 14:47:52,862 [   5989]   WARN - #c.i.o.e.s.p.m.ExternalProjectsDataStorage - Cannot find class `org.jetbrains.idea.gradle.ext.profiler.model.JavaTaskData`
2023-08-01 14:47:52,862 [   5989]   WARN - #c.i.o.e.s.p.m.ExternalProjectsDataStorage - Cannot find class `org.jetbrains.idea.gradle.ext.profiler.model.JavaTaskData`
2023-08-01 14:47:52,863 [   5990]   WARN - #c.i.o.e.s.p.m.ExternalProjectsDataStorage - Cannot find class `org.jetbrains.idea.gradle.ext.profiler.model.JavaTaskData`
2023-08-01 14:47:52,863 [   5990]   WARN - #c.i.o.e.s.p.m.ExternalProjectsDataStorage - Cannot find class `org.jetbrains.idea.gradle.ext.profiler.model.JavaTaskData`
2023-08-01 14:47:52,864 [   5991]   WARN - #c.i.o.e.s.p.m.ExternalProjectsDataStorage - Cannot find class `org.jetbrains.idea.gradle.ext.profiler.model.JavaTaskData`
2023-08-01 14:47:52,874 [   6001]   WARN - #c.i.o.e.s.p.m.ExternalProjectsDataStorage - Cannot find class `org.jetbrains.idea.gradle.ext.profiler.model.JavaTaskData`
2023-08-01 14:47:52,875 [   6002]   WARN - #c.i.o.e.s.p.m.ExternalProjectsDataStorage - Cannot find class `org.jetbrains.idea.gradle.ext.profiler.model.JavaTaskData`
2023-08-01 14:47:52,875 [   6002]   WARN - #c.i.o.e.s.p.m.ExternalProjectsDataStorage - Cannot find class `org.jetbrains.idea.gradle.ext.profiler.model.JavaTaskData`
2023-08-01 14:47:52,876 [   6003]   WARN - #c.i.o.e.s.p.m.ExternalProjectsDataStorage - Cannot find class `org.jetbrains.idea.gradle.ext.profiler.model.JavaTaskData`
2023-08-01 14:47:52,876 [   6003]   WARN - #c.i.o.e.s.p.m.ExternalProjectsDataStorage - Cannot find class `org.jetbrains.idea.gradle.ext.profiler.model.JavaTaskData`
2023-08-01 14:47:52,876 [   6003]   WARN - #c.i.o.e.s.p.m.ExternalProjectsDataStorage - Cannot find class `org.jetbrains.idea.gradle.ext.profiler.model.JavaTaskData`
2023-08-01 14:47:52,877 [   6004]   WARN - #c.i.o.e.s.p.m.ExternalProjectsDataStorage - Cannot find class `org.jetbrains.idea.gradle.ext.profiler.model.JavaTaskData`
2023-08-01 14:47:52,877 [   6004]   WARN - #c.i.o.e.s.p.m.ExternalProjectsDataStorage - Cannot find class `org.jetbrains.idea.gradle.ext.profiler.model.JavaTaskData`
2023-08-01 14:47:52,877 [   6004]   WARN - #c.i.o.e.s.p.m.ExternalProjectsDataStorage - Cannot find class `org.jetbrains.idea.gradle.ext.profiler.model.JavaTaskData`
2023-08-01 14:47:52,878 [   6005]   WARN - #c.i.o.e.s.p.m.ExternalProjectsDataStorage - Cannot find class `org.jetbrains.idea.gradle.ext.profiler.model.JavaTaskData`
2023-08-01 14:47:52,878 [   6005]   WARN - #c.i.o.e.s.p.m.ExternalProjectsDataStorage - Cannot find class `org.jetbrains.idea.gradle.ext.profiler.model.JavaTaskData`
2023-08-01 14:47:52,879 [   6006]   WARN - #c.i.o.e.s.p.m.ExternalProjectsDataStorage - Cannot find class `org.jetbrains.idea.gradle.ext.profiler.model.JavaTaskData`
2023-08-01 14:47:52,879 [   6006]   WARN - #c.i.o.e.s.p.m.ExternalProjectsDataStorage - Cannot find class `org.jetbrains.idea.gradle.ext.profiler.model.JavaTaskData`
2023-08-01 14:47:52,879 [   6006]   WARN - #c.i.o.e.s.p.m.ExternalProjectsDataStorage - Cannot find class `org.jetbrains.idea.gradle.ext.profiler.model.JavaTaskData`
2023-08-01 14:47:52,880 [   6007]   WARN - #c.i.o.e.s.p.m.ExternalProjectsDataStorage - Cannot find class `org.jetbrains.idea.gradle.ext.profiler.model.JavaTaskData`
2023-08-01 14:47:52,880 [   6007]   WARN - #c.i.o.e.s.p.m.ExternalProjectsDataStorage - Cannot find class `org.jetbrains.idea.gradle.ext.profiler.model.JavaTaskData`
2023-08-01 14:47:52,881 [   6008]   WARN - #c.i.o.e.s.p.m.ExternalProjectsDataStorage - Cannot find class `org.jetbrains.idea.gradle.ext.profiler.model.JavaTaskData`
2023-08-01 14:47:52,881 [   6008]   WARN - #c.i.o.e.s.p.m.ExternalProjectsDataStorage - Cannot find class `org.jetbrains.idea.gradle.ext.profiler.model.JavaTaskData`
2023-08-01 14:47:52,881 [   6008]   WARN - #c.i.o.e.s.p.m.ExternalProjectsDataStorage - Cannot find class `org.jetbrains.idea.gradle.ext.profiler.model.JavaTaskData`
2023-08-01 14:47:52,882 [   6009]   WARN - #c.i.o.e.s.p.m.ExternalProjectsDataStorage - Cannot find class `org.jetbrains.idea.gradle.ext.profiler.model.JavaTaskData`
2023-08-01 14:47:52,882 [   6009]   WARN - #c.i.o.e.s.p.m.ExternalProjectsDataStorage - Cannot find class `org.jetbrains.idea.gradle.ext.profiler.model.JavaTaskData`
2023-08-01 14:47:52,883 [   6010]   WARN - #c.i.o.e.s.p.m.ExternalProjectsDataStorage - Cannot find class `org.jetbrains.idea.gradle.ext.profiler.model.JavaTaskData`
2023-08-01 14:47:52,883 [   6010]   WARN - #c.i.o.e.s.p.m.ExternalProjectsDataStorage - Cannot find class `org.jetbrains.idea.gradle.ext.profiler.model.JavaTaskData`
2023-08-01 14:47:52,884 [   6011]   WARN - #c.i.o.e.s.p.m.ExternalProjectsDataStorage - Cannot find class `org.jetbrains.idea.gradle.ext.profiler.model.JavaTaskData`
2023-08-01 14:47:52,885 [   6012]   WARN - #c.i.o.e.s.p.m.ExternalProjectsDataStorage - Cannot find class `org.jetbrains.idea.gradle.ext.profiler.model.JavaTaskData`
2023-08-01 14:47:52,891 [   6018]   WARN - #c.i.o.e.s.p.m.ExternalProjectsDataStorage - Cannot find class `org.jetbrains.idea.gradle.ext.profiler.model.JavaTaskData`
2023-08-01 14:47:52,892 [   6019]   WARN - #c.i.o.e.s.p.m.ExternalProjectsDataStorage - Cannot find class `org.jetbrains.idea.gradle.ext.profiler.model.JavaTaskData`
2023-08-01 14:47:52,893 [   6020]   WARN - #c.i.o.e.s.p.m.ExternalProjectsDataStorage - Cannot find class `org.jetbrains.idea.gradle.ext.profiler.model.JavaTaskData`
2023-08-01 14:47:52,893 [   6020]   WARN - #c.i.o.e.s.p.m.ExternalProjectsDataStorage - Cannot find class `org.jetbrains.idea.gradle.ext.profiler.model.JavaTaskData`
2023-08-01 14:47:52,894 [   6021]   WARN - #c.i.o.e.s.p.m.ExternalProjectsDataStorage - Cannot find class `org.jetbrains.idea.gradle.ext.profiler.model.JavaTaskData`
2023-08-01 14:47:52,894 [   6021]   WARN - #c.i.o.e.s.p.m.ExternalProjectsDataStorage - Cannot find class `org.jetbrains.idea.gradle.ext.profiler.model.JavaTaskData`
2023-08-01 14:47:52,895 [   6022]   WARN - #c.i.o.e.s.p.m.ExternalProjectsDataStorage - Cannot find class `org.jetbrains.idea.gradle.ext.profiler.model.JavaTaskData`
2023-08-01 14:47:52,895 [   6022]   WARN - #c.i.o.e.s.p.m.ExternalProjectsDataStorage - Cannot find class `org.jetbrains.idea.gradle.ext.profiler.model.JavaTaskData`
2023-08-01 14:47:52,896 [   6023]   WARN - #c.i.o.e.s.p.m.ExternalProjectsDataStorage - Cannot find class `org.jetbrains.idea.gradle.ext.profiler.model.JavaTaskData`
2023-08-01 14:47:52,896 [   6023]   WARN - #c.i.o.e.s.p.m.ExternalProjectsDataStorage - Cannot find class `org.jetbrains.idea.gradle.ext.profiler.model.JavaTaskData`
2023-08-01 14:47:52,896 [   6023]   WARN - #c.i.o.e.s.p.m.ExternalProjectsDataStorage - Cannot find class `org.jetbrains.idea.gradle.ext.profiler.model.JavaTaskData`
2023-08-01 14:47:52,897 [   6024]   WARN - #c.i.o.e.s.p.m.ExternalProjectsDataStorage - Cannot find class `org.jetbrains.idea.gradle.ext.profiler.model.JavaTaskData`
2023-08-01 14:47:52,897 [   6024]   WARN - #c.i.o.e.s.p.m.ExternalProjectsDataStorage - Cannot find class `org.jetbrains.idea.gradle.ext.profiler.model.JavaTaskData`
2023-08-01 14:47:52,898 [   6025]   WARN - #c.i.o.e.s.p.m.ExternalProjectsDataStorage - Cannot find class `org.jetbrains.idea.gradle.ext.profiler.model.JavaTaskData`
2023-08-01 14:47:52,898 [   6025]   WARN - #c.i.o.e.s.p.m.ExternalProjectsDataStorage - Cannot find class `org.jetbrains.idea.gradle.ext.profiler.model.JavaTaskData`
2023-08-01 14:47:52,898 [   6025]   WARN - #c.i.o.e.s.p.m.ExternalProjectsDataStorage - Cannot find class `org.jetbrains.idea.gradle.ext.profiler.model.JavaTaskData`
2023-08-01 14:47:52,899 [   6026]   WARN - #c.i.o.e.s.p.m.ExternalProjectsDataStorage - Cannot find class `org.jetbrains.idea.gradle.ext.profiler.model.JavaTaskData`
2023-08-01 14:47:52,899 [   6026]   WARN - #c.i.o.e.s.p.m.ExternalProjectsDataStorage - Cannot find class `org.jetbrains.idea.gradle.ext.profiler.model.JavaTaskData`
2023-08-01 14:47:52,899 [   6026]   WARN - #c.i.o.e.s.p.m.ExternalProjectsDataStorage - Cannot find class `org.jetbrains.idea.gradle.ext.profiler.model.JavaTaskData`
2023-08-01 14:47:52,900 [   6027]   WARN - #c.i.o.e.s.p.m.ExternalProjectsDataStorage - Cannot find class `org.jetbrains.idea.gradle.ext.profiler.model.JavaTaskData`
2023-08-01 14:47:52,900 [   6027]   WARN - #c.i.o.e.s.p.m.ExternalProjectsDataStorage - Cannot find class `org.jetbrains.idea.gradle.ext.profiler.model.JavaTaskData`
2023-08-01 14:47:52,901 [   6028]   WARN - #c.i.o.e.s.p.m.ExternalProjectsDataStorage - Cannot find class `org.jetbrains.idea.gradle.ext.profiler.model.JavaTaskData`
2023-08-01 14:47:52,901 [   6028]   WARN - #c.i.o.e.s.p.m.ExternalProjectsDataStorage - Cannot find class `org.jetbrains.idea.gradle.ext.profiler.model.JavaTaskData`
2023-08-01 14:47:52,901 [   6028]   WARN - #c.i.o.e.s.p.m.ExternalProjectsDataStorage - Cannot find class `org.jetbrains.idea.gradle.ext.profiler.model.JavaTaskData`
2023-08-01 14:47:53,015 [   6142]   WARN - #c.i.o.e.s.p.m.ExternalProjectsDataStorage - Cannot find class `org.jetbrains.kotlin.android.synthetic.idea.AndroidExtensionProperties`
2023-08-01 14:47:53,064 [   6191]   WARN - #c.i.o.e.s.p.m.ExternalProjectsDataStorage - Cannot find class `org.jetbrains.kotlin.android.synthetic.idea.AndroidExtensionProperties`
2023-08-01 14:48:01,523 [  14650]   WARN - #c.i.e.r.RemoteProcessSupport - SLF4J: Class path contains multiple SLF4J bindings.
2023-08-01 14:48:01,524 [  14651]   WARN - #c.i.e.r.RemoteProcessSupport - SLF4J: Found binding in [jar:file:/opt/idea-IU-232.8660.185/plugins/maven/lib/maven36-server.jar!/org/slf4j/impl/StaticLoggerBinder.class]
2023-08-01 14:48:01,524 [  14651]   WARN - #c.i.e.r.RemoteProcessSupport - SLF4J: Found binding in [jar:file:/opt/idea-IU-232.8660.185/lib/util-8.jar!/org/slf4j/impl/StaticLoggerBinder.class]
2023-08-01 14:48:01,525 [  14652]   WARN - #c.i.e.r.RemoteProcessSupport - SLF4J: See http://www.slf4j.org/codes.html#multiple_bindings for an explanation.
2023-08-01 14:48:01,525 [  14652]   WARN - #c.i.e.r.RemoteProcessSupport - SLF4J: Actual binding is of type [org.jetbrains.idea.maven.server.Maven3WrapperSl4LoggerFactory]
2023-08-01 14:49:29,382 [ 102509]   WARN - #c.i.u.x.Binding - no accessors for java.time.LocalTime
